Nom: Test_Form_Add
Description: lorem lkllmsls
Prix: 200.00
Stock: 24
Date d'expiration: 2025-05-22

Nom: Test_2_Add_Item
Description: lllsklsklksjllks l;L;lks
Prix: 3000.00
Stock: 200
Date d'expiration: 2024-04-06

Nom: lkjlxjljs,mn
Description: lkljlkjA
Prix: 2
Stock: 2
Date d'expiration: 2024-04-06

Nom: jlkdlfd
Description: khjkjshlks
Prix: 2682
Stock: 23
Date d'expiration: 2024-03-22

Nom: 879837
Description: mnkjhdkd
Prix: 2332
Stock: 433
Date d'expiration: 2024-07-20

Nom: l;m2;l21
Description: 21212
Prix: 3233
Stock: 321
Date d'expiration: 2024-06-29

Nom: lk;lsk;ksa
Description: ;l;k;s
Prix: 3
Stock: 2
Date d'expiration: 2024-04-06

Nom: ;l;lkds
Description: ;l;kdl;a
Prix: 23
Stock: 323
Date d'expiration: 2024-03-16

